<?xml version="1.0" encoding="UTF-8"?>
<coverage generated="1702497977876" clover="3.2.0">
  <project timestamp="1702497977876" name="All files">
    <metrics statements="4" coveredstatements="4" conditionals="10" coveredconditionals="8" methods="3" coveredmethods="3" elements="17" coveredelements="15" complexity="0" loc="4" ncloc="4" packages="1" files="1" classes="1"/>
    <file name="entityToOptions.ts" path="/home/csantos/proyectos/meta-spa/src/utils/entityToOptions.ts">
      <metrics statements="4" coveredstatements="4" conditionals="10" coveredconditionals="8" methods="3" coveredmethods="3"/>
      <line num="8" count="1" type="stmt"/>
      <line num="12" count="4" type="cond" truecount="1" falsecount="1"/>
      <line num="15" count="1" type="stmt"/>
      <line num="19" count="8" type="stmt"/>
    </file>
  </project>
</coverage>
