{"/home/csantos/proyectos/meta-spa/src/utils/entityToOptions.ts": {"path":"/home/csantos/proyectos/meta-spa/src/utils/entityToOptions.ts","statementMap":{"0":{"start":{"line":12,"column":2},"end":{"line":12,"column":null}},"1":{"start":{"line":12,"column":35},"end":{"line":12,"column":66}},"2":{"start":{"line":8,"column":0},"end":{"line":8,"column":24}},"3":{"start":{"line":19,"column":2},"end":{"line":22,"column":null}},"4":{"start":{"line":15,"column":0},"end":{"line":15,"column":16}}},"fnMap":{"0":{"name":"entitiesToOptions","decl":{"start":{"line":8,"column":24},"end":{"line":8,"column":41}},"loc":{"start":{"line":10,"column":24},"end":{"line":13,"column":1}}},"1":{"name":"(anonymous_1)","decl":{"start":{"line":12,"column":23},"end":{"line":12,"column":24}},"loc":{"start":{"line":12,"column":35},"end":{"line":12,"column":66}}},"2":{"name":"entityToOption","decl":{"start":{"line":15,"column":16},"end":{"line":15,"column":30}},"loc":{"start":{"line":17,"column":63},"end":{"line":23,"column":1}}}},"branchMap":{"0":{"loc":{"start":{"line":9,"column":2},"end":{"line":9,"column":25}},"type":"default-arg","locations":[{"start":{"line":9,"column":23},"end":{"line":9,"column":25}}]},"1":{"loc":{"start":{"line":12,"column":9},"end":{"line":12,"column":73}},"type":"binary-expr","locations":[{"start":{"line":12,"column":9},"end":{"line":12,"column":67}},{"start":{"line":12,"column":71},"end":{"line":12,"column":73}}]},"2":{"loc":{"start":{"line":17,"column":2},"end":{"line":17,"column":63}},"type":"default-arg","locations":[{"start":{"line":17,"column":61},"end":{"line":17,"column":63}}]},"3":{"loc":{"start":{"line":17,"column":4},"end":{"line":17,"column":21}},"type":"default-arg","locations":[{"start":{"line":17,"column":17},"end":{"line":17,"column":21}}]},"4":{"loc":{"start":{"line":17,"column":23},"end":{"line":17,"column":42}},"type":"default-arg","locations":[{"start":{"line":17,"column":36},"end":{"line":17,"column":42}}]},"5":{"loc":{"start":{"line":20,"column":10},"end":{"line":20,"column":43}},"type":"binary-expr","locations":[{"start":{"line":20,"column":10},"end":{"line":20,"column":28}},{"start":{"line":20,"column":32},"end":{"line":20,"column":43}}]},"6":{"loc":{"start":{"line":21,"column":11},"end":{"line":21,"column":79}},"type":"cond-expr","locations":[{"start":{"line":21,"column":46},"end":{"line":21,"column":64}},{"start":{"line":21,"column":67},"end":{"line":21,"column":79}}]}},"s":{"0":4,"1":4,"2":1,"3":8,"4":1},"f":{"0":4,"1":4,"2":8},"b":{"0":[2],"1":[4,0],"2":[5],"3":[5],"4":[5],"5":[8,0],"6":[7,1]}}
}
